baiyibaiyi/PullRefreshLibrary-master/build/outputs/logs/manifest-merger-debug-report.txt
-- Merging decision tree log ---
manifest
ADDED from baiyibaiyi\PullRefreshLibrary-master\AndroidManifest.xml:2:1-11:12
INJECTED from baiyibaiyi\PullRefreshLibrary-master\AndroidManifest.xml:2:1-11:12
INJECTED from baiyibaiyi\PullRefreshLibrary-master\AndroidManifest.xml:2:1-11:12
INJECTED from baiyibaiyi\PullRefreshLibrary-master\AndroidManifest.xml:2:1-11:12
INJECTED from baiyibaiyi\PullRefreshLibrary-master\AndroidManifest.xml:2:1-11:12
INJECTED from baiyibaiyi\PullRefreshLibrary-master\AndroidManifest.xml:2:1-11:12
INJECTED from baiyibaiyi\PullRefreshLibrary-master\AndroidManifest.xml:2:1-11:12
	package
		ADDED from baiyibaiyi\PullRefreshLibrary-master\AndroidManifest.xml:3:5-49
		INJECTED from baiyibaiyi\PullRefreshLibrary-master\AndroidManifest.xml
		INJECTED from baiyibaiyi\PullRefreshLibrary-master\AndroidManifest.xml
	android:versionName
		ADDED from baiyibaiyi\PullRefreshLibrary-master\AndroidManifest.xml:5:5-32
		INJECTED from baiyibaiyi\PullRefreshLibrary-master\AndroidManifest.xml
		INJECTED from baiyibaiyi\PullRefreshLibrary-master\AndroidManifest.xml
	xmlns:android
		ADDED from baiyibaiyi\PullRefreshLibrary-master\AndroidManifest.xml:2:11-69
	android:versionCode
		ADDED from baiyibaiyi\PullRefreshLibrary-master\AndroidManifest.xml:4:5-31
		INJECTED from baiyibaiyi\PullRefreshLibrary-master\AndroidManifest.xml
		INJECTED from baiyibaiyi\PullRefreshLibrary-master\AndroidManifest.xml
uses-sdk
ADDED from baiyibaiyi\PullRefreshLibrary-master\AndroidManifest.xml:7:5-43
	android:minSdkVersion
		ADDED from baiyibaiyi\PullRefreshLibrary-master\AndroidManifest.xml:7:15-40
application
ADDED from baiyibaiyi\PullRefreshLibrary-master\AndroidManifest.xml:9:5-20